07/12/2024 05:41:49 - [INFO] - [io.github.selcukes.example.cucumber.steps.CucumberHooks.beforeTest:38] - Starting Scenario ..Navigation to Secure Dialog
07/12/2024 05:41:49 - [INFO] - [io.github.selcukes.example.cucumber.steps.CucumberHooks.beforeStep:43] - Before Step
07/12/2024 05:41:49 - [INFO] - [io.github.selcukes.core.listener.EventCapture.beforeClick:49] - Clicking on App
07/12/2024 05:41:50 - [INFO] - [io.github.selcukes.example.cucumber.steps.CucumberHooks.afterStep:48] - After Step
07/12/2024 05:41:52 - [INFO] - [io.github.selcukes.example.cucumber.steps.CucumberHooks.beforeStep:43] - Before Step
07/12/2024 05:41:52 - [INFO] - [io.github.selcukes.core.validation.ElementValidation.isVisible:85] - Verifying element [accessibility id: Activity] is visible
07/12/2024 05:41:52 - [INFO] - [io.github.selcukes.example.cucumber.steps.CucumberHooks.afterStep:48] - After Step
07/12/2024 05:41:53 - [INFO] - [io.github.selcukes.example.cucumber.steps.CucumberHooks.beforeStep:43] - Before Step
07/12/2024 05:41:53 - [INFO] - [io.github.selcukes.core.listener.EventCapture.beforeClick:49] - Clicking on Activity
07/12/2024 05:41:55 - [INFO] - [io.github.selcukes.example.cucumber.steps.CucumberHooks.afterStep:48] - After Step
07/12/2024 05:41:55 - [INFO] - [io.github.selcukes.example.cucumber.steps.CucumberHooks.beforeStep:43] - Before Step
07/12/2024 05:42:01 - [INFO] - [io.github.selcukes.core.validation.ElementValidation.isVisible:85] - Verifying element [accessibility id: Secure Surfaces] is visible
07/12/2024 05:42:01 - [INFO] - [io.github.selcukes.core.listener.EventCapture.beforeClick:49] - Clicking on Secure Surfaces
07/12/2024 05:42:03 - [INFO] - [io.github.selcukes.example.cucumber.steps.CucumberHooks.afterStep:48] - After Step
07/12/2024 05:42:03 - [INFO] - [io.github.selcukes.example.cucumber.steps.CucumberHooks.beforeStep:43] - Before Step
07/12/2024 05:42:03 - [INFO] - [io.github.selcukes.core.validation.ElementValidation.isVisible:85] - Verifying element [accessibility id: Secure Dialog] is visible
07/12/2024 05:42:03 - [INFO] - [io.github.selcukes.example.cucumber.steps.CucumberHooks.afterStep:48] - After Step
07/12/2024 05:42:04 - [INFO] - [io.github.selcukes.example.cucumber.steps.CucumberHooks.beforeStep:43] - Before Step
07/12/2024 05:42:04 - [INFO] - [io.github.selcukes.core.listener.EventCapture.beforeClick:49] - Clicking on Secure Dialog
07/12/2024 05:42:05 - [INFO] - [io.github.selcukes.example.cucumber.steps.CucumberHooks.afterStep:48] - After Step
07/12/2024 05:42:06 - [INFO] - [io.github.selcukes.example.cucumber.steps.CucumberHooks.beforeStep:43] - Before Step
07/12/2024 05:42:06 - [INFO] - [io.github.selcukes.core.validation.ElementValidation.isVisible:85] - Verifying element [accessibility id: Show secure dialog] is visible
07/12/2024 05:42:06 - [INFO] - [io.github.selcukes.example.cucumber.steps.CucumberHooks.afterStep:48] - After Step
07/12/2024 05:42:06 - [INFO] - [io.github.selcukes.example.cucumber.steps.CucumberHooks.beforeStep:43] - Before Step
07/12/2024 05:42:06 - [INFO] - [io.github.selcukes.core.listener.EventCapture.beforeClick:49] - Clicking on SHOW SECURE DIALOG
07/12/2024 05:42:07 - [INFO] - [io.github.selcukes.example.cucumber.steps.CucumberHooks.afterStep:48] - After Step
07/12/2024 05:42:08 - [INFO] - [io.github.selcukes.example.cucumber.steps.CucumberHooks.beforeStep:43] - Before Step
07/12/2024 05:42:09 - [INFO] - [io.github.selcukes.core.listener.EventCapture.beforeClick:49] - Clicking on OK
07/12/2024 05:42:09 - [INFO] - [io.github.selcukes.example.cucumber.steps.CucumberHooks.afterStep:48] - After Step
07/12/2024 05:42:09 - [INFO] - [io.github.selcukes.example.cucumber.steps.CucumberHooks.afterTest:59] - Completed Scenario ..Navigation to Secure Dialog
07/12/2024 05:42:09 - [INFO] - [io.github.selcukes.example.cucumber.steps.CucumberHooks.afterAll:31] - After All ...
07/12/2024 05:42:10 - [DEBUG] - [io.github.selcukes.testng.listeners.TestListener.onFinish:30] - Gradle test Execution finished...
07/12/2024 05:42:11 - [INFO] - [io.github.selcukes.core.listener.EventCapture.afterQuit:71] - Driver closed
07/12/2024 05:42:11 - [DEBUG] - [io.github.selcukes.core.driver.DriverManager.lambda$removeAllDrivers$4:180] - Closed driver 304504964 and removed from DevicePool.
07/12/2024 05:42:15 - [INFO] - [io.github.selcukes.core.driver.AppiumEngine.stopServer:69] - Stopped Appium server...
07/12/2024 05:42:15 - [DEBUG] - [io.github.selcukes.core.listener.ResourceCleanupProvider.afterSuite:40] - Test Suite Execution finished...
